epoch,IoU,dice_coefficient,loss,val_IoU,val_dice_coefficient,val_loss
0,0.4384295642375946,0.3921576738357544,0.4683300852775574,0.5691158771514893,0.4738316833972931,0.23623321950435638
1,0.5870007872581482,0.4947238266468048,0.18259860575199127,0.5707988142967224,0.5322850942611694,0.17706383764743805
2,0.5975486040115356,0.5443264842033386,0.11208297312259674,0.5933085680007935,0.572331428527832,0.09251590818166733
3,0.603626549243927,0.5776074528694153,0.0780026912689209,0.602677047252655,0.5992449522018433,0.0667441114783287
4,0.6079005599021912,0.6018902063369751,0.059155967086553574,0.6023755669593811,0.6137053966522217,0.05862049013376236
5,0.6116716265678406,0.6245716214179993,0.04702617600560188,0.6084111332893372,0.6320861577987671,0.045205842703580856
6,0.6464043259620667,0.6535792350769043,0.03866707533597946,0.6509888768196106,0.6731894612312317,0.036261796951293945
7,0.7472780346870422,0.6982418894767761,0.03232697397470474,0.7006677985191345,0.6975343823432922,0.03171660751104355
8,0.7764959931373596,0.7311229705810547,0.028111042454838753,0.7227785587310791,0.7256333231925964,0.029974518343806267
9,0.7929714322090149,0.757568895816803,0.024865126237273216,0.7332558631896973,0.7452879548072815,0.025690345093607903
10,0.8042130470275879,0.7779924273490906,0.022716183215379715,0.7775376439094543,0.7781165838241577,0.0242764912545681
11,0.8133311867713928,0.7940596342086792,0.020955637097358704,0.7541869282722473,0.776292085647583,0.02285607159137726
12,0.8231051564216614,0.8078247308731079,0.01958414725959301,0.8314375877380371,0.8242305517196655,0.01917160488665104
13,0.8297316431999207,0.8189926147460938,0.018362803384661674,0.8089528679847717,0.8217940330505371,0.019813893362879753
14,0.8357240557670593,0.828350305557251,0.017510855570435524,0.8269932270050049,0.8321459889411926,0.017761923372745514
15,0.8410082459449768,0.8400465250015259,0.01667032390832901,0.8042275905609131,0.8250642418861389,0.01818595454096794
16,0.8468227982521057,0.8450491428375244,0.015957552939653397,0.8425279259681702,0.8516919016838074,0.016201898455619812
17,0.8518803715705872,0.8547265529632568,0.01529807411134243,0.8613295555114746,0.8637199401855469,0.015167656354606152
18,0.8548523783683777,0.8591806888580322,0.014931336045265198,0.8504320979118347,0.8635945320129395,0.015080868266522884
19,0.8589720726013184,0.8661882281303406,0.014377445913851261,0.8597150444984436,0.866637647151947,0.014407118782401085
20,0.862677276134491,0.8687016367912292,0.013970643281936646,0.867675244808197,0.8759130835533142,0.014077454805374146
21,0.8665433526039124,0.8709895610809326,0.01363056618720293,0.8776701092720032,0.8777867555618286,0.013156228698790073
22,0.8685235381126404,0.8747351765632629,0.013329700566828251,0.8819705843925476,0.8844847083091736,0.01285514235496521
23,0.872080385684967,0.8782100081443787,0.012988363392651081,0.8847195506095886,0.8867577314376831,0.01286756619811058
24,0.8750419020652771,0.8811264038085938,0.012638711370527744,0.8848785758018494,0.8888875246047974,0.012900542467832565
25,0.8773786425590515,0.8860535621643066,0.012425988912582397,0.8895741105079651,0.8949790000915527,0.012328741140663624
26,0.8797534108161926,0.8904601335525513,0.012143068946897984,0.887066662311554,0.8937216401100159,0.012082193046808243
27,0.8822436332702637,0.8902203440666199,0.011890270747244358,0.8927680850028992,0.8992217779159546,0.01182668935507536
28,0.8839819431304932,0.8926324844360352,0.01168989110738039,0.8910226225852966,0.8982096314430237,0.011657542549073696
29,0.8860006332397461,0.895330548286438,0.011480096727609634,0.890985906124115,0.8994078636169434,0.01171023491770029
30,0.8877620100975037,0.8942826390266418,0.011258193291723728,0.899330198764801,0.9059604406356812,0.01115117222070694
31,0.8892872333526611,0.896801769733429,0.01108683180063963,0.8935732841491699,0.9037662744522095,0.011444996111094952
32,0.8910358548164368,0.9004554748535156,0.010918207466602325,0.8986026644706726,0.9073479771614075,0.01097781676799059
33,0.8925628662109375,0.9020729064941406,0.0107395825907588,0.9019656181335449,0.9059058427810669,0.010868730954825878
34,0.8938948512077332,0.9029774069786072,0.010645028203725815,0.9038496613502502,0.9112505316734314,0.01071802619844675
35,0.8957532048225403,0.9050518274307251,0.01044177170842886,0.906379222869873,0.911011278629303,0.010383285582065582
36,0.8971859812736511,0.9055246114730835,0.010308158583939075,0.9058437347412109,0.9122670292854309,0.010335288010537624
37,0.8979511857032776,0.9072946310043335,0.010191506706178188,0.9076818823814392,0.913270115852356,0.010420646518468857
38,0.8994951248168945,0.9087504148483276,0.010089457966387272,0.9079852104187012,0.9158925414085388,0.010118147358298302
39,0.9003639221191406,0.9090503454208374,0.009981894865632057,0.9073346257209778,0.9142141938209534,0.010132448747754097
40,0.9024650454521179,0.9117023348808289,0.009798714891076088,0.9088525772094727,0.9168568849563599,0.010183032602071762
41,0.900903046131134,0.9092381596565247,0.010056816972792149,0.9118003845214844,0.9196064472198486,0.009758282452821732
42,0.904022216796875,0.9121781587600708,0.009572516195476055,0.9127680659294128,0.9196383357048035,0.009654565714299679
43,0.9048231244087219,0.9136347770690918,0.009490864351391792,0.9136274456977844,0.9212159514427185,0.009868322871625423
44,0.9055359363555908,0.9150227308273315,0.009419611655175686,0.9128520488739014,0.9193047285079956,0.009645292535424232
45,0.9062485694885254,0.9148070216178894,0.009349215775728226,0.9147226214408875,0.9212756156921387,0.009452303871512413
46,0.9078152179718018,0.9179943203926086,0.009245321154594421,0.9164671897888184,0.921331524848938,0.009467214345932007
47,0.9080371260643005,0.9178328514099121,0.009178923442959785,0.9158792495727539,0.9239670038223267,0.00946429930627346
48,0.9094120860099792,0.9181111454963684,0.00911387987434864,0.9169409871101379,0.9241071343421936,0.009434989653527737
49,0.9093336462974548,0.9190018773078918,0.00900071021169424,0.9191520810127258,0.9250056147575378,0.00910110305994749
50,0.9108325839042664,0.91934734582901,0.0089165810495615,0.9183847308158875,0.9261330962181091,0.009158402681350708
51,0.9116532206535339,0.9213768839836121,0.00883532129228115,0.9193233847618103,0.9256598949432373,0.009118853136897087
52,0.9115166068077087,0.9197889566421509,0.008806399069726467,0.9212930798530579,0.9274073243141174,0.009073618799448013
53,0.9125427603721619,0.9211551547050476,0.008699475787580013,0.9201357364654541,0.9279696941375732,0.009110688231885433
54,0.9134140014648438,0.9224221110343933,0.008616604842245579,0.9216979146003723,0.928117036819458,0.008923940360546112
55,0.9141042828559875,0.9245167374610901,0.008574743755161762,0.920781135559082,0.9295852184295654,0.009028582833707333
56,0.9133744239807129,0.9225113987922668,0.008658254519104958,0.9239724278450012,0.9281510710716248,0.008734578266739845
57,0.9156646728515625,0.9253840446472168,0.008430608548223972,0.9242506623268127,0.9308915734291077,0.008762168698012829
58,0.916437566280365,0.9234811067581177,0.008346574380993843,0.9235699772834778,0.9320012331008911,0.008875755593180656
59,0.9170360565185547,0.9251072406768799,0.008310300298035145,0.9251241087913513,0.9299593567848206,0.008590126410126686
60,0.9170389771461487,0.9252980947494507,0.008240447379648685,0.9241909384727478,0.9319807887077332,0.008939653635025024
61,0.9181296825408936,0.9278550744056702,0.00820157304406166,0.9257835745811462,0.9335403442382812,0.008578425273299217
62,0.918286144733429,0.9273682832717896,0.00816315971314907,0.9193820953369141,0.9303427338600159,0.008892359212040901
63,0.9190235733985901,0.9271129965782166,0.00811342429369688,0.9243720173835754,0.9305629730224609,0.00867484975606203
64,0.9189937710762024,0.9269412159919739,0.008070367388427258,0.9226193428039551,0.932571291923523,0.008629274554550648
65,0.9197494387626648,0.9282571077346802,0.008004870265722275,0.9270300269126892,0.9350709319114685,0.008476573042571545
66,0.9202826619148254,0.9293388724327087,0.007951653562486172,0.9266049265861511,0.9347637891769409,0.008590340614318848
67,0.9205549359321594,0.928558886051178,0.007899124175310135,0.9259223937988281,0.9351274371147156,0.00843686144798994
68,0.9209282398223877,0.9303673505783081,0.007852643728256226,0.9283089637756348,0.9323937296867371,0.008321442641317844
69,0.9218100905418396,0.9318678975105286,0.0078081791289150715,0.9290609955787659,0.9363522529602051,0.008259124122560024
70,0.9223405718803406,0.9297984838485718,0.007792378310114145,0.9294665455818176,0.9357700347900391,0.008306995034217834
71,0.922679603099823,0.9307286739349365,0.00771693792194128,0.927879810333252,0.9347403645515442,0.008300486952066422
72,0.9229753613471985,0.9315318465232849,0.007671151775866747,0.9310247302055359,0.9360451698303223,0.008108322508633137
73,0.9234039783477783,0.9321190714836121,0.007649517152458429,0.9295041561126709,0.9369516968727112,0.008419177494943142
74,0.9241159558296204,0.9331231713294983,0.007620607037097216,0.9288618564605713,0.9379912614822388,0.008145607076585293
75,0.9247763156890869,0.9333589673042297,0.007526889909058809,0.9324530959129333,0.939603328704834,0.008036341518163681
76,0.9247512221336365,0.9347777366638184,0.007511013653129339,0.9288706183433533,0.9375807642936707,0.008196987211704254
77,0.925067126750946,0.9339810013771057,0.007474674377590418,0.9315361976623535,0.9392840266227722,0.008120537735521793
78,0.9253411293029785,0.9332242608070374,0.007454137317836285,0.9326157569885254,0.9387763142585754,0.007936881855130196
79,0.9255211353302002,0.9325116872787476,0.007421102374792099,0.9314256310462952,0.9401701092720032,0.007913930341601372
80,0.9264370799064636,0.9358850121498108,0.007360030896961689,0.9322175979614258,0.9391236901283264,0.007930438965559006
81,0.9265546202659607,0.935666024684906,0.007339431904256344,0.9301073551177979,0.9394339323043823,0.008145987056195736
82,0.9269651770591736,0.9353194832801819,0.007284088060259819,0.9327922463417053,0.9402937889099121,0.008008554577827454
83,0.9272107481956482,0.9358185529708862,0.007271879818290472,0.9325501918792725,0.9417109489440918,0.007887947373092175
84,0.9275748133659363,0.9347150921821594,0.007228109985589981,0.9331488609313965,0.941308856010437,0.008002852089703083
85,0.92828369140625,0.9354377388954163,0.007181021384894848,0.9328733086585999,0.9420256018638611,0.007960881106555462
86,0.9279653429985046,0.9362947940826416,0.0071750544011592865,0.9329115748405457,0.9420247673988342,0.007818566635251045
87,0.9284515976905823,0.9367921948432922,0.007135299500077963,0.9327208995819092,0.9418608546257019,0.00815708376467228
88,0.9289256930351257,0.9380077719688416,0.007091963663697243,0.9349454045295715,0.9403306841850281,0.007842161692678928
89,0.929149866104126,0.9373727440834045,0.007051526103168726,0.9346308708190918,0.9425896406173706,0.007795787416398525
90,0.9299132823944092,0.938937246799469,0.007029071915894747,0.9335365295410156,0.9426231384277344,0.007936111651360989
91,0.9299406409263611,0.9375327229499817,0.007025535684078932,0.9344448447227478,0.9410454630851746,0.007785670459270477
92,0.9302573204040527,0.9381046891212463,0.006979146972298622,0.9356918334960938,0.9436987042427063,0.0076988390646874905
93,0.9304197430610657,0.9378294348716736,0.006960191298276186,0.9363555908203125,0.943936288356781,0.007616620510816574
94,0.9305150508880615,0.939294159412384,0.006935730576515198,0.9361394047737122,0.9442594647407532,0.007546680513769388
95,0.9308941960334778,0.9388659000396729,0.006883193273097277,0.9347305297851562,0.9439558982849121,0.007658748887479305
96,0.9308416247367859,0.9378477931022644,0.006885900162160397,0.9354265332221985,0.9435763359069824,0.0076246908865869045
97,0.9314320087432861,0.9402332901954651,0.006818606983870268,0.9356262683868408,0.9439768195152283,0.00756504200398922
98,0.9318802952766418,0.9386821985244751,0.006809010170400143,0.9368484616279602,0.944566547870636,0.007587981875985861
99,0.9318134188652039,0.9387767314910889,0.00679071806371212,0.9369211792945862,0.9454604387283325,0.0075560761615633965
